<?xml version="1.0" encoding="UTF-8"?>
<!-- Generated by org.testng.reporters.JUnitReportReporter -->
<testsuite hostname="Oliver-C02ZF8KRLVDQ" failures="0" tests="4" name="GetUsersTests" time="2.742" errors="0" timestamp="2021-06-29T08:44:38 NZST" skipped="0">
  <testcase classname="GetUsersTests" name="testTenRecordsReturned" time="0.126"/>
  <system-out/>
  <testcase classname="GetUsersTests" name="testRetrievingSingleUser" time="0.853"/>
  <system-out/>
  <testcase classname="GetUsersTests" name="testStatusCodeOk" time="0.133"/>
  <system-out/>
  <testcase classname="GetUsersTests" name="testDennisSchulistExistsInList" time="1.630"/>
  <system-out/>
</testsuite> <!-- GetUsersTests -->
